2023-06-20 10:18:22.842740
{'path': 'D:\\2023\\重命名实验数据\\泸州页岩气\\四川页岩气勘探开发有限责任公司\\泸218井\\测井评价资料\\储层参数评价-储层参数评价(页研院)\\成果报告\\泸218_井大比例综合测井图.png', 'label': 'Unkonwn'}

2023-06-20 10:18:22.843737
{'path': 'D:\\2023\\重命名实验数据\\泸州页岩气\\四川页岩气勘探开发有限责任公司\\泸218井\\测井评价资料\\储层参数评价-储层参数评价(页研院)\\成果报告\\泸218井处理成果宽图（岩心刻度）.png', 'label': 'Unkonwn'}

2023-06-20 10:18:22.844734
{'path': 'D:\\2023\\重命名实验数据\\泸州页岩气\\四川页岩气勘探开发有限责任公司\\泸218井\\测井评价资料\\储层参数评价-储层参数评价(页研院)\\成果报告\\泸218井测井跟踪评价（20230510）.pptx', 'label': 'Unkonwn'}

2023-06-20 10:18:22.845730
{'path': 'D:\\2023\\重命名实验数据\\泸州页岩气\\四川页岩气勘探开发有限责任公司\\泸218井\\测井评价资料\\储层参数评价-储层参数评价(页研院)\\成果数据表\\泸218_储层综合分类_全井段.xlsx', 'label': '储层参数评价_储层分类'}

2023-06-20 10:18:22.845730
{'path': 'D:\\2023\\重命名实验数据\\泸州页岩气\\四川页岩气勘探开发有限责任公司\\泸218井\\测井评价资料\\储层参数评价-储层参数评价(页研院)\\成果数据表\\泸218井完井-全井分层.xls', 'label': '储层参数评价_全井段测井分层'}

2023-06-20 10:18:22.846727
{'path': 'D:\\2023\\重命名实验数据\\泸州页岩气\\四川页岩气勘探开发有限责任公司\\泸218井\\测井评价资料\\储层参数评价-储层参数评价(页研院)\\成果数据表\\泸218井目的层测井分层.xlsx', 'label': '储层参数评价_目的层测井分层'}

2023-06-20 10:18:22.847723
{'path': 'D:\\2023\\重命名实验数据\\泸州页岩气\\四川页岩气勘探开发有限责任公司\\泸218井\\测井评价资料\\储层参数评价-储层参数评价(页研院)\\泸218井储层参数评价图头信息.txt', 'label': '储层参数评价_储层参数评价图头信息'}

2023-06-20 10:18:22.848720
{'path': 'D:\\2023\\重命名实验数据\\泸州页岩气\\四川页岩气勘探开发有限责任公司\\泸218井\\测井评价资料\\储层参数评价-储层参数评价(页研院)\\测井曲线\\泸218井井斜方位数据.txt', 'label': 'Unkonwn'}

2023-06-20 10:18:22.848720
{'path': 'D:\\2023\\重命名实验数据\\泸州页岩气\\四川页岩气勘探开发有限责任公司\\泸218井\\测井评价资料\\储层参数评价-储层参数评价(页研院)\\测井曲线\\泸218井岩石力学成果数据（力学实验刻度）.txt', 'label': 'Unkonwn'}

2023-06-20 10:18:22.850282
{'path': 'D:\\2023\\重命名实验数据\\泸州页岩气\\四川页岩气勘探开发有限责任公司\\泸218井\\测井评价资料\\储层参数评价-储层参数评价(页研院)\\测井曲线\\泸218井常规测井曲线.txt', 'label': 'Unkonwn'}

2023-06-20 10:18:22.851227
{'path': 'D:\\2023\\重命名实验数据\\泸州页岩气\\四川页岩气勘探开发有限责任公司\\泸218井\\测井评价资料\\储层参数评价-储层参数评价(页研院)\\测井曲线\\泸218井核磁成果数据.txt', 'label': 'Unkonwn'}

2023-06-20 10:19:00.076254
{'path': 'D:\\2023\\重命名实验数据\\泸州页岩气\\四川页岩气勘探开发有限责任公司\\泸218井\\测井评价资料\\储层参数评价-储层参数评价(页研院)\\成果报告\\泸218_井大比例综合测井图.png', 'label': 'Unkonwn'}

2023-06-20 10:19:00.077251
{'path': 'D:\\2023\\重命名实验数据\\泸州页岩气\\四川页岩气勘探开发有限责任公司\\泸218井\\测井评价资料\\储层参数评价-储层参数评价(页研院)\\成果报告\\泸218井处理成果宽图（岩心刻度）.png', 'label': 'Unkonwn'}

2023-06-20 10:19:00.078248
{'path': 'D:\\2023\\重命名实验数据\\泸州页岩气\\四川页岩气勘探开发有限责任公司\\泸218井\\测井评价资料\\储层参数评价-储层参数评价(页研院)\\成果报告\\泸218井测井跟踪评价（20230510）.pptx', 'label': 'Unkonwn'}

2023-06-20 10:19:00.079245
{'path': 'D:\\2023\\重命名实验数据\\泸州页岩气\\四川页岩气勘探开发有限责任公司\\泸218井\\测井评价资料\\储层参数评价-储层参数评价(页研院)\\成果数据表\\泸218_储层综合分类_全井段.xlsx', 'label': '储层参数评价_储层分类'}

2023-06-20 10:19:00.079337
{'path': 'D:\\2023\\重命名实验数据\\泸州页岩气\\四川页岩气勘探开发有限责任公司\\泸218井\\测井评价资料\\储层参数评价-储层参数评价(页研院)\\成果数据表\\泸218井完井-全井分层.xls', 'label': '储层参数评价_全井段测井分层'}

2023-06-20 10:19:00.080826
{'path': 'D:\\2023\\重命名实验数据\\泸州页岩气\\四川页岩气勘探开发有限责任公司\\泸218井\\测井评价资料\\储层参数评价-储层参数评价(页研院)\\成果数据表\\泸218井目的层测井分层.xlsx', 'label': '储层参数评价_目的层测井分层'}

2023-06-20 10:19:00.081387
{'path': 'D:\\2023\\重命名实验数据\\泸州页岩气\\四川页岩气勘探开发有限责任公司\\泸218井\\测井评价资料\\储层参数评价-储层参数评价(页研院)\\泸218井储层参数评价图头信息.txt', 'label': '储层参数评价_储层参数评价图头信息'}

2023-06-20 10:19:00.081387
{'path': 'D:\\2023\\重命名实验数据\\泸州页岩气\\四川页岩气勘探开发有限责任公司\\泸218井\\测井评价资料\\储层参数评价-储层参数评价(页研院)\\测井曲线\\泸218井井斜方位数据.txt', 'label': 'Unkonwn'}

2023-06-20 10:19:00.082627
{'path': 'D:\\2023\\重命名实验数据\\泸州页岩气\\四川页岩气勘探开发有限责任公司\\泸218井\\测井评价资料\\储层参数评价-储层参数评价(页研院)\\测井曲线\\泸218井岩石力学成果数据（力学实验刻度）.txt', 'label': 'Unkonwn'}

2023-06-20 10:19:00.083623
{'path': 'D:\\2023\\重命名实验数据\\泸州页岩气\\四川页岩气勘探开发有限责任公司\\泸218井\\测井评价资料\\储层参数评价-储层参数评价(页研院)\\测井曲线\\泸218井常规测井曲线.txt', 'label': 'Unkonwn'}

2023-06-20 10:19:00.084667
{'path': 'D:\\2023\\重命名实验数据\\泸州页岩气\\四川页岩气勘探开发有限责任公司\\泸218井\\测井评价资料\\储层参数评价-储层参数评价(页研院)\\测井曲线\\泸218井核磁成果数据.txt', 'label': 'Unkonwn'}

